#
# There is insufficient memory for the Java Runtime Environment to continue.
# Native memory allocation (malloc) failed to allocate 32744 bytes for ChunkPool::allocate
# Possible reasons:
#   The system is out of physical RAM or swap space
#   The process is running with CompressedOops enabled, and the Java Heap may be blocking the growth of the native heap
# Possible solutions:
#   Reduce memory load on the system
#   Increase physical memory or swap space
#   Check if swap backing store is full
#   Decrease Java heap size (-Xmx/-Xms)
#   Decrease number of Java threads
#   Decrease Java thread stack sizes (-Xss)
#   Set larger code cache with -XX:ReservedCodeCacheSize=
#   JVM is running with Unscaled Compressed Oops mode in which the Java heap is
#     placed in the first 4GB address space. The Java Heap base address is the
#     maximum limit for the native heap growth. Please use -XX:HeapBaseMinAddress
#     to set the Java Heap base and to place the Java Heap above 4GB virtual address.
# This output file may be truncated or incomplete.
#
#  Out of Memory Error (./src/hotspot/share/memory/arena.cpp:81), pid=6712, tid=10160
#
# JRE version: OpenJDK Runtime Environment (11.0.10) (build 11.0.10+0-b96-7249189)
# Java VM: OpenJDK 64-Bit Server VM (11.0.10+0-b96-7249189, mixed mode, tiered, compressed oops, g1 gc, windows-amd64)
# No core dump will be written. Minidumps are not enabled by default on client versions of Windows
#

---------------  S U M M A R Y ------------

Command Line: --add-opens=java.base/java.util=ALL-UNNAMED --add-opens=java.base/java.lang=ALL-UNNAMED --add-opens=java.base/java.lang.invoke=ALL-UNNAMED --add-opens=java.base/java.util=ALL-UNNAMED --add-opens=java.prefs/java.util.prefs=ALL-UNNAMED --add-opens=java.prefs/java.util.prefs=ALL-UNNAMED --add-opens=java.base/java.nio.charset=ALL-UNNAMED --add-opens=java.base/java.net=ALL-UNNAMED --add-opens=java.base/java.util.concurrent.atomic=ALL-UNNAMED -Xmx2048m -Dfile.encoding=UTF-8 -Duser.country=FR -Duser.language=fr -Duser.variant org.gradle.launcher.daemon.bootstrap.GradleDaemon 7.0.2

Host: Intel(R) Core(TM) i7-10510U CPU @ 1.80GHz, 8 cores, 15G,  Windows 10 , 64 bit Build 19041 (10.0.19041.1348)
Time: Mon Dec 13 10:31:31 2021 Paris, Madrid elapsed time: 227.516802 seconds (0d 0h 3m 47s)

---------------  T H R E A D  ---------------

Current thread (0x0000017686ba6800):  JavaThread "C2 CompilerThread0" daemon [_thread_in_native, id=10160, stack(0x00000025cbb00000,0x00000025cbc00000)]


Current CompileTask:
C2: 227516 12380       4       org.gradle.internal.service.DefaultServiceRegistry$OwnServices$ProviderAnalyser::analyseType (114 bytes)

Stack: [0x00000025cbb00000,0x00000025cbc00000]
Native frames: (J=compiled Java code, j=interpreted, Vv=VM code, C=native code)
V  [jvm.dll+0x5ecfaa]
V  [jvm.dll+0x722bd5]
V  [jvm.dll+0x72412d]
V  [jvm.dll+0x7247e3]
V  [jvm.dll+0x242928]
V  [jvm.dll+0xbc75b]
V  [jvm.dll+0xbca0c]
V  [jvm.dll+0x5843c8]
V  [jvm.dll+0x584c0f]
V  [jvm.dll+0x58380e]
V  [jvm.dll+0x1fb4a2]
V  [jvm.dll+0x1fa7f4]
V  [jvm.dll+0x18354c]
V  [jvm.dll+0x208ee7]
V  [jvm.dll+0x207731]
V  [jvm.dll+0x6eb1cf]
V  [jvm.dll+0x6e3d45]
V  [jvm.dll+0x5ebe96]
C  [ucrtbase.dll+0x21bb2]
C  [KERNEL32.DLL+0x17034]
C  [ntdll.dll+0x52651]


---------------  P R O C E S S  ---------------

Threads class SMR info:
_java_thread_list=0x000001768f6be3c0, length=41, elements={
0x00000176e9e6a000, 0x0000017686b3e000, 0x0000017686b41800, 0x0000017686ba0800,
0x0000017686ba3000, 0x0000017686ba5000, 0x0000017686ba6800, 0x0000017686ba9000,
0x0000017686bb9000, 0x0000017686d2a800, 0x0000017686d2f800, 0x0000017686d2d000,
0x0000017686d2e800, 0x00000176896a0000, 0x00000176896a1000, 0x000001768969e800,
0x00000176896a7800, 0x00000176896a5000, 0x00000176896ab800, 0x00000176896aa800,
0x000001768a7e3800, 0x000001768a7e2000, 0x000001768a7e6000, 0x000001768a7ef000,
0x000001768a7e9800, 0x000001768a7ec000, 0x000001768a7ea000, 0x000001768c320800,
0x000001768c321000, 0x000001768bf3f800, 0x000001768bf3c000, 0x000001768bf41000,
0x000001768bf43800, 0x000001768bf3d000, 0x000001768bf42000, 0x000001768bf3e000,
0x000001768bf3e800, 0x000001768bf44800, 0x000001768bf45000, 0x000001768bf42800,
0x000001768bf40800
}

Java Threads: ( => current thread )
  0x00000176e9e6a000 JavaThread "main" [_thread_blocked, id=10540, stack(0x00000025caf00000,0x00000025cb000000)]
  0x0000017686b3e000 JavaThread "Reference Handler" daemon [_thread_blocked, id=11924, stack(0x00000025cb600000,0x00000025cb700000)]
  0x0000017686b41800 JavaThread "Finalizer" daemon [_thread_blocked, id=12208, stack(0x00000025cb700000,0x00000025cb800000)]
  0x0000017686ba0800 JavaThread "Signal Dispatcher" daemon [_thread_blocked, id=3088, stack(0x00000025cb800000,0x00000025cb900000)]
  0x0000017686ba3000 JavaThread "Attach Listener" daemon [_thread_blocked, id=11352, stack(0x00000025cb900000,0x00000025cba00000)]
  0x0000017686ba5000 JavaThread "Service Thread" daemon [_thread_blocked, id=3436, stack(0x00000025cba00000,0x00000025cbb00000)]
=>0x0000017686ba6800 JavaThread "C2 CompilerThread0" daemon [_thread_in_native, id=10160, stack(0x00000025cbb00000,0x00000025cbc00000)]
  0x0000017686ba9000 JavaThread "C1 CompilerThread0" daemon [_thread_blocked, id=15424, stack(0x00000025cbc00000,0x00000025cbd00000)]
  0x0000017686bb9000 JavaThread "Sweeper thread" daemon [_thread_blocked, id=11880, stack(0x00000025cbd00000,0x00000025cbe00000)]
  0x0000017686d2a800 JavaThread "Common-Cleaner" daemon [_thread_blocked, id=7192, stack(0x00000025cbe00000,0x00000025cbf00000)]
  0x0000017686d2f800 JavaThread "Daemon health stats" [_thread_blocked, id=15312, stack(0x00000025cc700000,0x00000025cc800000)]
  0x0000017686d2d000 JavaThread "Incoming local TCP Connector on port 58477" [_thread_in_native, id=3300, stack(0x00000025cc000000,0x00000025cc100000)]
  0x0000017686d2e800 JavaThread "Daemon periodic checks" [_thread_blocked, id=3552, stack(0x00000025cc100000,0x00000025cc200000)]
  0x00000176896a0000 JavaThread "Cache worker for file hash cache (C:\Users\Lucas\.gradle\caches\7.0.2\fileHashes)" [_thread_blocked, id=1292, stack(0x00000025ccf00000,0x00000025cd000000)]
  0x00000176896a1000 JavaThread "File lock request listener" [_thread_in_native, id=8820, stack(0x00000025cd000000,0x00000025cd100000)]
  0x000001768969e800 JavaThread "Cache worker for journal cache (C:\Users\Lucas\.gradle\caches\journal-1)" [_thread_blocked, id=988, stack(0x00000025cd400000,0x00000025cd500000)]
  0x00000176896a7800 JavaThread "File watcher server" daemon [_thread_in_native, id=15900, stack(0x00000025cd700000,0x00000025cd800000)]
  0x00000176896a5000 JavaThread "File watcher consumer" daemon [_thread_blocked, id=10416, stack(0x00000025cd800000,0x00000025cd900000)]
  0x00000176896ab800 JavaThread "Cache worker for execution history cache (C:\Users\Lucas\.gradle\caches\7.0.2\executionHistory)" [_thread_blocked, id=436, stack(0x00000025cdd00000,0x00000025cde00000)]
  0x00000176896aa800 JavaThread "jar transforms" [_thread_blocked, id=9240, stack(0x00000025cde00000,0x00000025cdf00000)]
  0x000001768a7e3800 JavaThread "jar transforms Thread 2" [_thread_blocked, id=15212, stack(0x00000025cdf00000,0x00000025ce000000)]
  0x000001768a7e2000 JavaThread "Cache worker for file content cache (C:\Users\Lucas\.gradle\caches\7.0.2\fileContent)" [_thread_blocked, id=14984, stack(0x00000025ce000000,0x00000025ce100000)]
  0x000001768a7e6000 JavaThread "jar transforms Thread 3" [_thread_blocked, id=13996, stack(0x00000025ce200000,0x00000025ce300000)]
  0x000001768a7ef000 JavaThread "jar transforms Thread 4" [_thread_blocked, id=4804, stack(0x00000025cec00000,0x00000025ced00000)]
  0x000001768a7e9800 JavaThread "jar transforms Thread 5" [_thread_blocked, id=3660, stack(0x00000025ced00000,0x00000025cee00000)]
  0x000001768a7ec000 JavaThread "jar transforms Thread 6" [_thread_blocked, id=12388, stack(0x00000025cee00000,0x00000025cef00000)]
  0x000001768a7ea000 JavaThread "jar transforms Thread 7" [_thread_blocked, id=10512, stack(0x00000025cef00000,0x00000025cf000000)]
  0x000001768c320800 JavaThread "jar transforms Thread 8" [_thread_blocked, id=11540, stack(0x00000025cf000000,0x00000025cf100000)]
  0x000001768c321000 JavaThread "Memory manager" [_thread_blocked, id=8644, stack(0x00000025cf100000,0x00000025cf200000)]
  0x000001768bf3f800 JavaThread "ForkJoinPool.commonPool-worker-5" daemon [_thread_blocked, id=15940, stack(0x00000025d0200000,0x00000025d0300000)]
  0x000001768bf3c000 JavaThread "ForkJoinPool.commonPool-worker-11" daemon [_thread_blocked, id=528, stack(0x00000025d0500000,0x00000025d0600000)]
  0x000001768bf41000 JavaThread "ForkJoinPool.commonPool-worker-13" daemon [_thread_blocked, id=1512, stack(0x00000025d0600000,0x00000025d0700000)]
  0x000001768bf43800 JavaThread "ForkJoinPool.commonPool-worker-15" daemon [_thread_blocked, id=11976, stack(0x00000025d0700000,0x00000025d0800000)]
  0x000001768bf3d000 JavaThread "Daemon Thread 2" [_thread_blocked, id=14068, stack(0x00000025cac00000,0x00000025cad00000)]
  0x000001768bf42000 JavaThread "Handler for socket connection from /127.0.0.1:58477 to /127.0.0.1:58519" [_thread_in_native, id=11104, stack(0x00000025cad00000,0x00000025cae00000)]
  0x000001768bf3e000 JavaThread "Cancel handler" [_thread_blocked, id=2760, stack(0x00000025cae00000,0x00000025caf00000)]
  0x000001768bf3e800 JavaThread "Daemon worker Thread 2" [_thread_in_Java, id=13788, stack(0x00000025cc800000,0x00000025cc900000)]
  0x000001768bf44800 JavaThread "Asynchronous log dispatcher for DefaultDaemonConnection: socket connection from /127.0.0.1:58477 to /127.0.0.1:58519" [_thread_blocked, id=15744, stack(0x00000025cc900000,0x00000025cca00000)]
  0x000001768bf45000 JavaThread "Stdin handler" [_thread_blocked, id=9540, stack(0x00000025cca00000,0x00000025ccb00000)]
  0x000001768bf42800 JavaThread "Daemon client event forwarder" [_thread_blocked, id=5632, stack(0x00000025ccb00000,0x00000025ccc00000)]
  0x000001768bf40800 JavaThread "Cache worker for file hash cache (C:\Users\Lucas\Documents\dev\kotlin_app\.gradle\7.0.2\fileHashes)" [_thread_blocked, id=7376, stack(0x00000025ccc00000,0x00000025ccd00000)]

Other Threads:
  0x0000017686b3b800 VMThread "VM Thread" [stack: 0x00000025cb500000,0x00000025cb600000] [id=12376]
  0x0000017686d7c800 WatcherThread [stack: 0x00000025cbf00000,0x00000025cc000000] [id=7076]
  0x00000176e9e83000 GCTaskThread "GC Thread#0" [stack: 0x00000025cb000000,0x00000025cb100000] [id=2028]
  0x00000176879b0800 GCTaskThread "GC Thread#1" [stack: 0x00000025cc200000,0x00000025cc300000] [id=4648]
  0x0000017687399800 GCTaskThread "GC Thread#2" [stack: 0x00000025cc300000,0x00000025cc400000] [id=8752]
  0x0000017687e43800 GCTaskThread "GC Thread#3" [stack: 0x00000025cc400000,0x00000025cc500000] [id=4676]
  0x0000017687a05800 GCTaskThread "GC Thread#4" [stack: 0x00000025cc500000,0x00000025cc600000] [id=7352]
  0x0000017687449800 GCTaskThread "GC Thread#5" [stack: 0x00000025cc600000,0x00000025cc700000] [id=1372]
  0x0000017687927800 GCTaskThread "GC Thread#6" [stack: 0x00000025cd100000,0x00000025cd200000] [id=15804]
  0x0000017688e31800 GCTaskThread "GC Thread#7" [stack: 0x00000025cd200000,0x00000025cd300000] [id=15876]
  0x00000176e9eb6800 ConcurrentGCThread "G1 Main Marker" [stack: 0x00000025cb100000,0x00000025cb200000] [id=14324]
  0x00000176e9eb7800 ConcurrentGCThread "G1 Conc#0" [stack: 0x00000025cb200000,0x00000025cb300000] [id=3868]
  0x000001768752b000 ConcurrentGCThread "G1 Conc#1" [stack: 0x00000025cd300000,0x00000025cd400000] [id=12240]
  0x000001768618a800 ConcurrentGCThread "G1 Refine#0" [stack: 0x00000025cb300000,0x00000025cb400000] [id=9652]
  0x000001768618b800 ConcurrentGCThread "G1 Young RemSet Sampling" [stack: 0x00000025cb400000,0x00000025cb500000] [id=1620]

Threads with active compile tasks:
C2 CompilerThread0 227539 12380       4       org.gradle.internal.service.DefaultServiceRegistry$OwnServices$ProviderAnalyser::analyseType (114 bytes)

VM state:not at safepoint (normal execution)

VM Mutex/Monitor currently owned by a thread: None

Heap address: 0x0000000080000000, size: 2048 MB, Compressed Oops mode: 32-bit
Narrow klass base: 0x0000000000000000, Narrow klass shift: 3
Compressed class space size: 1073741824 Address: 0x0000000100000000

Heap:
 garbage-first heap   total 260096K, used 112904K [0x0000000080000000, 0x0000000100000000)
  region size 1024K, 36 young (36864K), 14 survivors (14336K)
 Metaspace       used 96759K, capacity 99242K, committed 99404K, reserved 1134592K
  class space    used 12381K, capacity 13275K, committed 13388K, reserved 1048576K
Heap Regions: E=young(eden), S=young(survivor), O=old, HS=humongous(starts), HC=humongous(continues), CS=collection set, F=free, A=archive, TAMS=top-at-mark-start (previous, next)
|   0|0x0000000080000000, 0x0000000080100000, 0x0000000080100000|100%| O|  |TAMS 0x0000000080100000, 0x0000000080000000| Untracked 
|   1|0x0000000080100000, 0x0000000080200000, 0x0000000080200000|100%| O|  |TAMS 0x0000000080200000, 0x0000000080100000| Untracked 
|   2|0x0000000080200000, 0x0000000080300000, 0x0000000080300000|100%| O|  |TAMS 0x0000000080300000, 0x0000000080200000| Untracked 
|   3|0x0000000080300000, 0x0000000080400000, 0x0000000080400000|100%|HS|  |TAMS 0x0000000080400000, 0x0000000080300000| Complete 
|   4|0x0000000080400000, 0x0000000080500000, 0x0000000080500000|100%|HC|  |TAMS 0x0000000080500000, 0x0000000080400000| Complete 
|   5|0x0000000080500000, 0x0000000080600000, 0x0000000080600000|100%|HC|  |TAMS 0x0000000080600000, 0x0000000080500000| Complete 
|   6|0x0000000080600000, 0x0000000080700000, 0x0000000080700000|100%| O|  |TAMS 0x0000000080700000, 0x0000000080600000| Untracked 
|   7|0x0000000080700000, 0x0000000080800000, 0x0000000080800000|100%| O|  |TAMS 0x0000000080800000, 0x0000000080700000| Untracked 
|   8|0x0000000080800000, 0x0000000080900000, 0x0000000080900000|100%| O|  |TAMS 0x0000000080900000, 0x0000000080800000| Untracked 
|   9|0x0000000080900000, 0x0000000080a00000, 0x0000000080a00000|100%| O|  |TAMS 0x0000000080a00000, 0x0000000080900000| Untracked 
|  10|0x0000000080a00000, 0x0000000080b00000, 0x0000000080b00000|100%| O|  |TAMS 0x0000000080b00000, 0x0000000080a00000| Untracked 
|  11|0x0000000080b00000, 0x0000000080c00000, 0x0000000080c00000|100%| O|  |TAMS 0x0000000080c00000, 0x0000000080b00000| Untracked 
|  12|0x0000000080c00000, 0x0000000080d00000, 0x0000000080d00000|100%| O|  |TAMS 0x0000000080d00000, 0x0000000080c00000| Untracked 
|  13|0x0000000080d00000, 0x0000000080e00000, 0x0000000080e00000|100%| O|  |TAMS 0x0000000080e00000, 0x0000000080d00000| Untracked 
|  14|0x0000000080e00000, 0x0000000080f00000, 0x0000000080f00000|100%| O|  |TAMS 0x0000000080f00000, 0x0000000080e00000| Untracked 
|  15|0x0000000080f00000, 0x0000000081000000, 0x0000000081000000|100%| O|  |TAMS 0x0000000081000000, 0x0000000080f00000| Untracked 
|  16|0x0000000081000000, 0x0000000081100000, 0x0000000081100000|100%|HS|  |TAMS 0x0000000081100000, 0x0000000081000000| Complete 
|  17|0x0000000081100000, 0x0000000081200000, 0x0000000081200000|100%|HS|  |TAMS 0x0000000081200000, 0x0000000081100000| Complete 
|  18|0x0000000081200000, 0x0000000081300000, 0x0000000081300000|100%|HS|  |TAMS 0x0000000081300000, 0x0000000081200000| Complete 
|  19|0x0000000081300000, 0x0000000081400000, 0x0000000081400000|100%|HS|  |TAMS 0x0000000081400000, 0x0000000081300000| Complete 
|  20|0x0000000081400000, 0x0000000081500000, 0x0000000081500000|100%|HC|  |TAMS 0x0000000081500000, 0x0000000081400000| Complete 
|  21|0x0000000081500000, 0x0000000081600000, 0x0000000081600000|100%|HC|  |TAMS 0x0000000081600000, 0x0000000081500000| Complete 
|  22|0x0000000081600000, 0x0000000081700000, 0x0000000081700000|100%|HS|  |TAMS 0x0000000081700000, 0x0000000081600000| Complete 
|  23|0x0000000081700000, 0x0000000081800000, 0x0000000081800000|100%|HC|  |TAMS 0x0000000081800000, 0x0000000081700000| Complete 
|  24|0x0000000081800000, 0x0000000081900000, 0x0000000081900000|100%| O|  |TAMS 0x0000000081900000, 0x0000000081800000| Untracked 
|  25|0x0000000081900000, 0x0000000081a00000, 0x0000000081a00000|100%| O|  |TAMS 0x0000000081a00000, 0x0000000081900000| Untracked 
|  26|0x0000000081a00000, 0x0000000081b00000, 0x0000000081b00000|100%| O|  |TAMS 0x0000000081b00000, 0x0000000081a00000| Untracked 
|  27|0x0000000081b00000, 0x0000000081c00000, 0x0000000081c00000|100%| O|  |TAMS 0x0000000081c00000, 0x0000000081b00000| Untracked 
|  28|0x0000000081c00000, 0x0000000081d00000, 0x0000000081d00000|100%| O|  |TAMS 0x0000000081d00000, 0x0000000081c00000| Untracked 
|  29|0x0000000081d00000, 0x0000000081e00000, 0x0000000081e00000|100%| O|  |TAMS 0x0000000081e00000, 0x0000000081d00000| Untracked 
|  30|0x0000000081e00000, 0x0000000081f00000, 0x0000000081f00000|100%| O|  |TAMS 0x0000000081f00000, 0x0000000081e00000| Untracked 
|  31|0x0000000081f00000, 0x0000000082000000, 0x0000000082000000|100%| O|  |TAMS 0x0000000082000000, 0x0000000081f00000| Untracked 
|  32|0x0000000082000000, 0x0000000082100000, 0x0000000082100000|100%| O|  |TAMS 0x0000000082100000, 0x0000000082000000| Untracked 
|  33|0x0000000082100000, 0x0000000082200000, 0x0000000082200000|100%| O|  |TAMS 0x0000000082200000, 0x0000000082100000| Untracked 
|  34|0x0000000082200000, 0x0000000082300000, 0x0000000082300000|100%| O|  |TAMS 0x0000000082300000, 0x0000000082200000| Untracked 
|  35|0x0000000082300000, 0x0000000082400000, 0x0000000082400000|100%| O|  |TAMS 0x0000000082400000, 0x0000000082300000| Untracked 
|  36|0x0000000082400000, 0x0000000082500000, 0x0000000082500000|100%| O|  |TAMS 0x0000000082500000, 0x0000000082400000| Untracked 
|  37|0x0000000082500000, 0x0000000082600000, 0x0000000082600000|100%| O|  |TAMS 0x0000000082600000, 0x0000000082500000| Untracked 
|  38|0x0000000082600000, 0x0000000082700000, 0x0000000082700000|100%| O|  |TAMS 0x0000000082700000, 0x0000000082600000| Untracked 
|  39|0x0000000082700000, 0x0000000082800000, 0x0000000082800000|100%| O|  |TAMS 0x0000000082800000, 0x0000000082700000| Untracked 
|  40|0x0000000082800000, 0x0000000082900000, 0x0000000082900000|100%| O|  |TAMS 0x0000000082900000, 0x0000000082800000| Untracked 
|  41|0x0000000082900000, 0x0000000082a00000, 0x0000000082a00000|100%| O|  |TAMS 0x0000000082a00000, 0x0000000082900000| Untracked 
|  42|0x0000000082a00000, 0x0000000082b00000, 0x0000000082b00000|100%| O|  |TAMS 0x0000000082b00000, 0x0000000082a00000| Untracked 
|  43|0x0000000082b00000, 0x0000000082c00000, 0x0000000082c00000|100%| O|  |TAMS 0x0000000082c00000, 0x0000000082b00000| Untracked 
|  44|0x0000000082c00000, 0x0000000082d00000, 0x0000000082d00000|100%| O|  |TAMS 0x0000000082d00000, 0x0000000082c00000| Untracked 
|  45|0x0000000082d00000, 0x0000000082e00000, 0x0000000082e00000|100%| O|  |TAMS 0x0000000082d5c800, 0x0000000082d00000| Untracked 
|  46|0x0000000082e00000, 0x0000000082f00000, 0x0000000082f00000|100%| O|  |TAMS 0x0000000082e00000, 0x0000000082e00000| Untracked 
|  47|0x0000000082f00000, 0x0000000083000000, 0x0000000083000000|100%| O|  |TAMS 0x0000000082f00000, 0x0000000082f00000| Untracked 
|  48|0x0000000083000000, 0x0000000083100000, 0x0000000083100000|100%| O|  |TAMS 0x0000000083000000, 0x0000000083000000| Untracked 
|  49|0x0000000083100000, 0x0000000083200000, 0x0000000083200000|100%| O|  |TAMS 0x0000000083100000, 0x0000000083100000| Untracked 
|  50|0x0000000083200000, 0x0000000083300000, 0x0000000083300000|100%| O|  |TAMS 0x0000000083200000, 0x0000000083200000| Untracked 
|  51|0x0000000083300000, 0x0000000083400000, 0x0000000083400000|100%| O|  |TAMS 0x0000000083300000, 0x0000000083300000| Untracked 
|  52|0x0000000083400000, 0x0000000083500000, 0x0000000083500000|100%| O|  |TAMS 0x0000000083400000, 0x0000000083400000| Untracked 
|  53|0x0000000083500000, 0x0000000083600000, 0x0000000083600000|100%| O|  |TAMS 0x0000000083500000, 0x0000000083500000| Untracked 
|  54|0x0000000083600000, 0x0000000083700000, 0x0000000083700000|100%| O|  |TAMS 0x0000000083600000, 0x0000000083600000| Untracked 
|  55|0x0000000083700000, 0x0000000083800000, 0x0000000083800000|100%| O|  |TAMS 0x0000000083700000, 0x0000000083700000| Untracked 
|  56|0x0000000083800000, 0x0000000083900000, 0x0000000083900000|100%| O|  |TAMS 0x0000000083800000, 0x0000000083800000| Untracked 
|  57|0x0000000083900000, 0x0000000083a00000, 0x0000000083a00000|100%| O|  |TAMS 0x0000000083900000, 0x0000000083900000| Untracked 
|  58|0x0000000083a00000, 0x0000000083b00000, 0x0000000083b00000|100%| O|  |TAMS 0x0000000083a00000, 0x0000000083a00000| Untracked 
|  59|0x0000000083b00000, 0x0000000083c00000, 0x0000000083c00000|100%| O|  |TAMS 0x0000000083b00000, 0x0000000083b00000| Untracked 
|  60|0x0000000083c00000, 0x0000000083d00000, 0x0000000083d00000|100%| O|  |TAMS 0x0000000083c00000, 0x0000000083c00000| Untracked 
|  61|0x0000000083d00000, 0x0000000083e00000, 0x0000000083e00000|100%| O|  |TAMS 0x0000000083d00000, 0x0000000083d00000| Untracked 
|  62|0x0000000083e00000, 0x0000000083f00000, 0x0000000083f00000|100%| O|  |TAMS 0x0000000083e00000, 0x0000000083e00000| Untracked 
|  63|0x0000000083f00000, 0x0000000084000000, 0x0000000084000000|100%| O|  |TAMS 0x0000000083f00000, 0x0000000083f00000| Untracked 
|  64|0x0000000084000000, 0x0000000084100000, 0x0000000084100000|100%| O|  |TAMS 0x0000000084000000, 0x0000000084000000| Untracked 
|  65|0x0000000084100000, 0x0000000084200000, 0x0000000084200000|100%| O|  |TAMS 0x0000000084100000, 0x0000000084100000| Untracked 
|  66|0x0000000084200000, 0x0000000084300000, 0x0000000084300000|100%| O|  |TAMS 0x0000000084200000, 0x0000000084200000| Untracked 
|  67|0x0000000084300000, 0x0000000084345c00, 0x0000000084400000| 27%| O|  |TAMS 0x0000000084300000, 0x0000000084300000| Untracked 
|  68|0x0000000084400000, 0x0000000084500000, 0x0000000084500000|100%|HS|  |TAMS 0x0000000084400000, 0x0000000084400000| Complete 
|  69|0x0000000084500000, 0x0000000084600000, 0x0000000084600000|100%|HC|  |TAMS 0x0000000084500000, 0x0000000084500000| Complete 
|  70|0x0000000084600000, 0x0000000084700000, 0x0000000084700000|100%|HS|  |TAMS 0x0000000084600000, 0x0000000084600000| Complete 
|  71|0x0000000084700000, 0x0000000084800000, 0x0000000084800000|100%|HC|  |TAMS 0x0000000084700000, 0x0000000084700000| Complete 
|  72|0x0000000084800000, 0x0000000084900000, 0x0000000084900000|100%|HS|  |TAMS 0x0000000084800000, 0x0000000084800000| Complete 
|  73|0x0000000084900000, 0x0000000084a00000, 0x0000000084a00000|100%|HC|  |TAMS 0x0000000084900000, 0x0000000084900000| Complete 
|  74|0x0000000084a00000, 0x0000000084b00000, 0x0000000084b00000|100%|HS|  |TAMS 0x0000000084a00000, 0x0000000084a00000| Complete 
|  75|0x0000000084b00000, 0x0000000084c00000, 0x0000000084c00000|100%|HC|  |TAMS 0x0000000084b00000, 0x0000000084b00000| Complete 
|  76|0x0000000084c00000, 0x0000000084d00000, 0x0000000084d00000|100%|HS|  |TAMS 0x0000000084c00000, 0x0000000084c00000| Complete 
|  77|0x0000000084d00000, 0x0000000084d00000, 0x0000000084e00000|  0%| F|  |TAMS 0x0000000084d00000, 0x0000000084d00000| Untracked 
|  78|0x0000000084e00000, 0x0000000084e00000, 0x0000000084f00000|  0%| F|  |TAMS 0x0000000084e00000, 0x0000000084e00000| Untracked 
|  79|0x0000000084f00000, 0x0000000084f00000, 0x0000000085000000|  0%| F|  |TAMS 0x0000000084f00000, 0x0000000084f00000| Untracked 
|  80|0x0000000085000000, 0x0000000085000000, 0x0000000085100000|  0%| F|  |TAMS 0x0000000085000000, 0x0000000085000000| Untracked 
|  81|0x0000000085100000, 0x0000000085100000, 0x0000000085200000|  0%| F|  |TAMS 0x0000000085100000, 0x0000000085100000| Untracked 
|  82|0x0000000085200000, 0x0000000085200000, 0x0000000085300000|  0%| F|  |TAMS 0x0000000085200000, 0x0000000085200000| Untracked 
|  83|0x0000000085300000, 0x0000000085300000, 0x0000000085400000|  0%| F|  |TAMS 0x0000000085300000, 0x0000000085300000| Untracked 
|  84|0x0000000085400000, 0x0000000085400000, 0x0000000085500000|  0%| F|  |TAMS 0x0000000085400000, 0x0000000085400000| Untracked 
|  85|0x0000000085500000, 0x0000000085500000, 0x0000000085600000|  0%| F|  |TAMS 0x0000000085500000, 0x0000000085500000| Untracked 
|  86|0x0000000085600000, 0x0000000085600000, 0x0000000085700000|  0%| F|  |TAMS 0x0000000085600000, 0x0000000085600000| Untracked 
|  87|0x0000000085700000, 0x0000000085700000, 0x0000000085800000|  0%| F|  |TAMS 0x0000000085700000, 0x0000000085700000| Untracked 
|  88|0x0000000085800000, 0x0000000085800000, 0x0000000085900000|  0%| F|  |TAMS 0x0000000085800000, 0x0000000085800000| Untracked 
|  89|0x0000000085900000, 0x0000000085900000, 0x0000000085a00000|  0%| F|  |TAMS 0x0000000085900000, 0x0000000085900000| Untracked 
|  90|0x0000000085a00000, 0x0000000085a00000, 0x0000000085b00000|  0%| F|  |TAMS 0x0000000085a00000, 0x0000000085a00000| Untracked 
|  91|0x0000000085b00000, 0x0000000085b00000, 0x0000000085c00000|  0%| F|  |TAMS 0x0000000085b00000, 0x0000000085b00000| Untracked 
|  92|0x0000000085c00000, 0x0000000085c00000, 0x0000000085d00000|  0%| F|  |TAMS 0x0000000085c00000, 0x0000000085c00000| Untracked 
|  93|0x0000000085d00000, 0x0000000085d00000, 0x0000000085e00000|  0%| F|  |TAMS 0x0000000085d00000, 0x0000000085d00000| Untracked 
|  94|0x0000000085e00000, 0x0000000085e00000, 0x0000000085f00000|  0%| F|  |TAMS 0x0000000085e00000, 0x0000000085e00000| Untracked 
|  95|0x0000000085f00000, 0x0000000085f00000, 0x0000000086000000|  0%| F|  |TAMS 0x0000000085f00000, 0x0000000085f00000| Untracked 
|  96|0x0000000086000000, 0x0000000086000000, 0x0000000086100000|  0%| F|  |TAMS 0x0000000086000000, 0x0000000086000000| Untracked 
|  97|0x0000000086100000, 0x0000000086100000, 0x0000000086200000|  0%| F|  |TAMS 0x0000000086100000, 0x0000000086100000| Untracked 
|  98|0x0000000086200000, 0x0000000086200000, 0x0000000086300000|  0%| F|  |TAMS 0x0000000086200000, 0x0000000086200000| Untracked 
|  99|0x0000000086300000, 0x0000000086300000, 0x0000000086400000|  0%| F|  |TAMS 0x0000000086300000, 0x0000000086300000| Untracked 
| 100|0x0000000086400000, 0x0000000086400000, 0x0000000086500000|  0%| F|  |TAMS 0x0000000086400000, 0x0000000086400000| Untracked 
| 101|0x0000000086500000, 0x0000000086500000, 0x0000000086600000|  0%| F|  |TAMS 0x0000000086500000, 0x0000000086500000| Untracked 
| 102|0x0000000086600000, 0x0000000086600000, 0x0000000086700000|  0%| F|  |TAMS 0x0000000086600000, 0x0000000086600000| Untracked 
| 103|0x0000000086700000, 0x0000000086700000, 0x0000000086800000|  0%| F|  |TAMS 0x0000000086700000, 0x0000000086700000| Untracked 
| 104|0x0000000086800000, 0x0000000086800000, 0x0000000086900000|  0%| F|  |TAMS 0x0000000086800000, 0x0000000086800000| Untracked 
| 105|0x0000000086900000, 0x0000000086900000, 0x0000000086a00000|  0%| F|  |TAMS 0x0000000086900000, 0x0000000086900000| Untracked 
| 106|0x0000000086a00000, 0x0000000086a00000, 0x0000000086b00000|  0%| F|  |TAMS 0x0000000086a00000, 0x0000000086a00000| Untracked 
| 107|0x0000000086b00000, 0x0000000086b00000, 0x0000000086c00000|  0%| F|  |TAMS 0x0000000086b00000, 0x0000000086b00000| Untracked 
| 108|0x0000000086c00000, 0x0000000086c00000, 0x0000000086d00000|  0%| F|  |TAMS 0x0000000086c00000, 0x0000000086c00000| Untracked 
| 109|0x0000000086d00000, 0x0000000086d00000, 0x0000000086e00000|  0%| F|  |TAMS 0x0000000086d00000, 0x0000000086d00000| Untracked 
| 110|0x0000000086e00000, 0x0000000086e00000, 0x0000000086f00000|  0%| F|  |TAMS 0x0000000086e00000, 0x0000000086e00000| Untracked 
| 111|0x0000000086f00000, 0x0000000086f00000, 0x0000000087000000|  0%| F|  |TAMS 0x0000000086f00000, 0x0000000086f00000| Untracked 
| 112|0x0000000087000000, 0x00000000870fc460, 0x0000000087100000| 98%| S|CS|TAMS 0x0000000087000000, 0x0000000087000000| Complete 
| 113|0x0000000087100000, 0x0000000087200000, 0x0000000087200000|100%| S|CS|TAMS 0x0000000087100000, 0x0000000087100000| Complete 
| 114|0x0000000087200000, 0x0000000087200000, 0x0000000087300000|  0%| F|  |TAMS 0x0000000087200000, 0x0000000087200000| Untracked 
| 115|0x0000000087300000, 0x0000000087300000, 0x0000000087400000|  0%| F|  |TAMS 0x0000000087300000, 0x0000000087300000| Untracked 
| 116|0x0000000087400000, 0x0000000087400000, 0x0000000087500000|  0%| F|  |TAMS 0x0000000087400000, 0x0000000087400000| Untracked 
| 117|0x0000000087500000, 0x0000000087500000, 0x0000000087600000|  0%| F|  |TAMS 0x0000000087500000, 0x0000000087500000| Untracked 
| 118|0x0000000087600000, 0x0000000087600000, 0x0000000087700000|  0%| F|  |TAMS 0x0000000087600000, 0x0000000087600000| Untracked 
| 119|0x0000000087700000, 0x0000000087800000, 0x0000000087800000|100%| S|CS|TAMS 0x0000000087700000, 0x0000000087700000| Complete 
| 120|0x0000000087800000, 0x0000000087900000, 0x0000000087900000|100%| S|CS|TAMS 0x0000000087800000, 0x0000000087800000| Complete 
| 121|0x0000000087900000, 0x0000000087a00000, 0x0000000087a00000|100%| S|CS|TAMS 0x0000000087900000, 0x0000000087900000| Complete 
| 122|0x0000000087a00000, 0x0000000087b00000, 0x0000000087b00000|100%| S|CS|TAMS 0x0000000087a00000, 0x0000000087a00000| Complete 
| 123|0x0000000087b00000, 0x0000000087b00000, 0x0000000087c00000|  0%| F|  |TAMS 0x0000000087b00000, 0x0000000087b00000| Untracked 
| 124|0x0000000087c00000, 0x0000000087c00000, 0x0000000087d00000|  0%| F|  |TAMS 0x0000000087c00000, 0x0000000087c00000| Untracked 
| 125|0x0000000087d00000, 0x0000000087d00000, 0x0000000087e00000|  0%| F|  |TAMS 0x0000000087d00000, 0x0000000087d00000| Untracked 
| 126|0x0000000087e00000, 0x0000000087e00000, 0x0000000087f00000|  0%| F|  |TAMS 0x0000000087e00000, 0x0000000087e00000| Untracked 
| 127|0x0000000087f00000, 0x0000000087f00000, 0x0000000088000000|  0%| F|  |TAMS 0x0000000087f00000, 0x0000000087f00000| Untracked 
| 128|0x0000000088000000, 0x0000000088000000, 0x0000000088100000|  0%| F|  |TAMS 0x0000000088000000, 0x0000000088000000| Untracked 
| 129|0x0000000088100000, 0x0000000088200000, 0x0000000088200000|100%| S|CS|TAMS 0x0000000088100000, 0x0000000088100000| Complete 
| 130|0x0000000088200000, 0x0000000088300000, 0x0000000088300000|100%| S|CS|TAMS 0x0000000088200000, 0x0000000088200000| Complete 
| 131|0x0000000088300000, 0x0000000088400000, 0x0000000088400000|100%| S|CS|TAMS 0x0000000088300000, 0x0000000088300000| Complete 
| 132|0x0000000088400000, 0x0000000088500000, 0x0000000088500000|100%| S|CS|TAMS 0x0000000088400000, 0x0000000088400000| Complete 
| 133|0x0000000088500000, 0x0000000088600000, 0x0000000088600000|100%| S|CS|TAMS 0x0000000088500000, 0x0000000088500000| Complete 
| 134|0x0000000088600000, 0x0000000088700000, 0x0000000088700000|100%| S|CS|TAMS 0x0000000088600000, 0x0000000088600000| Complete 
| 135|0x0000000088700000, 0x0000000088800000, 0x0000000088800000|100%| S|CS|TAMS 0x0000000088700000, 0x0000000088700000| Complete 
| 136|0x0000000088800000, 0x0000000088900000, 0x0000000088900000|100%| S|CS|TAMS 0x0000000088800000, 0x0000000088800000| Complete 
| 137|0x0000000088900000, 0x0000000088900000, 0x0000000088a00000|  0%| F|  |TAMS 0x0000000088900000, 0x0000000088900000| Untracked 
| 138|0x0000000088a00000, 0x0000000088a00000, 0x0000000088b00000|  0%| F|  |TAMS 0x0000000088a00000, 0x0000000088a00000| Untracked 
| 139|0x0000000088b00000, 0x0000000088b00000, 0x0000000088c00000|  0%| F|  |TAMS 0x0000000088b00000, 0x0000000088b00000| Untracked 
| 140|0x0000000088c00000, 0x0000000088c00000, 0x0000000088d00000|  0%| F|  |TAMS 0x0000000088c00000, 0x0000000088c00000| Untracked 
| 141|0x0000000088d00000, 0x0000000088d00000, 0x0000000088e00000|  0%| F|  |TAMS 0x0000000088d00000, 0x0000000088d00000| Untracked 
| 142|0x0000000088e00000, 0x0000000088e00000, 0x0000000088f00000|  0%| F|  |TAMS 0x0000000088e00000, 0x0000000088e00000| Untracked 
| 143|0x0000000088f00000, 0x0000000088f00000, 0x0000000089000000|  0%| F|  |TAMS 0x0000000088f00000, 0x0000000088f00000| Untracked 
| 144|0x0000000089000000, 0x0000000089000000, 0x0000000089100000|  0%| F|  |TAMS 0x0000000089000000, 0x0000000089000000| Untracked 
| 145|0x0000000089100000, 0x0000000089100000, 0x0000000089200000|  0%| F|  |TAMS 0x0000000089100000, 0x0000000089100000| Untracked 
| 146|0x0000000089200000, 0x0000000089200000, 0x0000000089300000|  0%| F|  |TAMS 0x0000000089200000, 0x0000000089200000| Untracked 
| 147|0x0000000089300000, 0x0000000089300000, 0x0000000089400000|  0%| F|  |TAMS 0x0000000089300000, 0x0000000089300000| Untracked 
| 148|0x0000000089400000, 0x0000000089400000, 0x0000000089500000|  0%| F|  |TAMS 0x0000000089400000, 0x0000000089400000| Untracked 
| 149|0x0000000089500000, 0x0000000089500000, 0x0000000089600000|  0%| F|  |TAMS 0x0000000089500000, 0x0000000089500000| Untracked 
| 150|0x0000000089600000, 0x0000000089600000, 0x0000000089700000|  0%| F|  |TAMS 0x0000000089600000, 0x0000000089600000| Untracked 
| 151|0x0000000089700000, 0x0000000089700000, 0x0000000089800000|  0%| F|  |TAMS 0x0000000089700000, 0x0000000089700000| Untracked 
| 152|0x0000000089800000, 0x0000000089800000, 0x0000000089900000|  0%| F|  |TAMS 0x0000000089800000, 0x0000000089800000| Untracked 
| 153|0x0000000089900000, 0x0000000089900000, 0x0000000089a00000|  0%| F|  |TAMS 0x0000000089900000, 0x0000000089900000| Untracked 
| 154|0x0000000089a00000, 0x0000000089a00000, 0x0000000089b00000|  0%| F|  |TAMS 0x0000000089a00000, 0x0000000089a00000| Untracked 
| 155|0x0000000089b00000, 0x0000000089b00000, 0x0000000089c00000|  0%| F|  |TAMS 0x0000000089b00000, 0x0000000089b00000| Untracked 
| 156|0x0000000089c00000, 0x0000000089c00000, 0x0000000089d00000|  0%| F|  |TAMS 0x0000000089c00000, 0x0000000089c00000| Untracked 
| 157|0x0000000089d00000, 0x0000000089d00000, 0x0000000089e00000|  0%| F|  |TAMS 0x0000000089d00000, 0x0000000089d00000| Untracked 
| 158|0x0000000089e00000, 0x0000000089e00000, 0x0000000089f00000|  0%| F|  |TAMS 0x0000000089e00000, 0x0000000089e00000| Untracked 
| 159|0x0000000089f00000, 0x0000000089f00000, 0x000000008a000000|  0%| F|  |TAMS 0x0000000089f00000, 0x0000000089f00000| Untracked 
| 160|0x000000008a000000, 0x000000008a000000, 0x000000008a100000|  0%| F|  |TAMS 0x000000008a000000, 0x000000008a000000| Untracked 
| 161|0x000000008a100000, 0x000000008a100000, 0x000000008a200000|  0%| F|  |TAMS 0x000000008a100000, 0x000000008a100000| Untracked 
| 162|0x000000008a200000, 0x000000008a200000, 0x000000008a300000|  0%| F|  |TAMS 0x000000008a200000, 0x000000008a200000| Untracked 
| 163|0x000000008a300000, 0x000000008a300000, 0x000000008a400000|  0%| F|  |TAMS 0x000000008a300000, 0x000000008a300000| Untracked 
| 164|0x000000008a400000, 0x000000008a400000, 0x000000008a500000|  0%| F|  |TAMS 0x000000008a400000, 0x000000008a400000| Untracked 
| 165|0x000000008a500000, 0x000000008a500000, 0x000000008a600000|  0%| F|  |TAMS 0x000000008a500000, 0x000000008a500000| Untracked 
| 166|0x000000008a600000, 0x000000008a600000, 0x000000008a700000|  0%| F|  |TAMS 0x000000008a600000, 0x000000008a600000| Untracked 
| 167|0x000000008a700000, 0x000000008a700000, 0x000000008a800000|  0%| F|  |TAMS 0x000000008a700000, 0x000000008a700000| Untracked 
| 168|0x000000008a800000, 0x000000008a800000, 0x000000008a900000|  0%| F|  |TAMS 0x000000008a800000, 0x000000008a800000| Untracked 
| 169|0x000000008a900000, 0x000000008a900000, 0x000000008aa00000|  0%| F|  |TAMS 0x000000008a900000, 0x000000008a900000| Untracked 
| 170|0x000000008aa00000, 0x000000008aa00000, 0x000000008ab00000|  0%| F|  |TAMS 0x000000008aa00000, 0x000000008aa00000| Untracked 
| 171|0x000000008ab00000, 0x000000008ab00000, 0x000000008ac00000|  0%| F|  |TAMS 0x000000008ab00000, 0x000000008ab00000| Untracked 
| 172|0x000000008ac00000, 0x000000008ac00000, 0x000000008ad00000|  0%| F|  |TAMS 0x000000008ac00000, 0x000000008ac00000| Untracked 
| 173|0x000000008ad00000, 0x000000008ad00000, 0x000000008ae00000|  0%| F|  |TAMS 0x000000008ad00000, 0x000000008ad00000| Untracked 
| 174|0x000000008ae00000, 0x000000008ae00000, 0x000000008af00000|  0%| F|  |TAMS 0x000000008ae00000, 0x000000008ae00000| Untracked 
| 175|0x000000008af00000, 0x000000008af00000, 0x000000008b000000|  0%| F|  |TAMS 0x000000008af00000, 0x000000008af00000| Untracked 
| 176|0x000000008b000000, 0x000000008b000000, 0x000000008b100000|  0%| F|  |TAMS 0x000000008b000000, 0x000000008b000000| Untracked 
| 177|0x000000008b100000, 0x000000008b100000, 0x000000008b200000|  0%| F|  |TAMS 0x000000008b100000, 0x000000008b100000| Untracked 
| 178|0x000000008b200000, 0x000000008b200000, 0x000000008b300000|  0%| F|  |TAMS 0x000000008b200000, 0x000000008b200000| Untracked 
| 179|0x000000008b300000, 0x000000008b300000, 0x000000008b400000|  0%| F|  |TAMS 0x000000008b300000, 0x000000008b300000| Untracked 
| 180|0x000000008b400000, 0x000000008b400000, 0x000000008b500000|  0%| F|  |TAMS 0x000000008b400000, 0x000000008b400000| Untracked 
| 181|0x000000008b500000, 0x000000008b500000, 0x000000008b600000|  0%| F|  |TAMS 0x000000008b500000, 0x000000008b500000| Untracked 
| 182|0x000000008b600000, 0x000000008b600000, 0x000000008b700000|  0%| F|  |TAMS 0x000000008b600000, 0x000000008b600000| Untracked 
| 183|0x000000008b700000, 0x000000008b700000, 0x000000008b800000|  0%| F|  |TAMS 0x000000008b700000, 0x000000008b700000| Untracked 
| 184|0x000000008b800000, 0x000000008b800000, 0x000000008b900000|  0%| F|  |TAMS 0x000000008b800000, 0x000000008b800000| Untracked 
| 185|0x000000008b900000, 0x000000008b900000, 0x000000008ba00000|  0%| F|  |TAMS 0x000000008b900000, 0x000000008b900000| Untracked 
| 186|0x000000008ba00000, 0x000000008ba00000, 0x000000008bb00000|  0%| F|  |TAMS 0x000000008ba00000, 0x000000008ba00000| Untracked 
| 187|0x000000008bb00000, 0x000000008bb00000, 0x000000008bc00000|  0%| F|  |TAMS 0x000000008bb00000, 0x000000008bb00000| Untracked 
| 188|0x000000008bc00000, 0x000000008bc00000, 0x000000008bd00000|  0%| F|  |TAMS 0x000000008bc00000, 0x000000008bc00000| Untracked 
| 189|0x000000008bd00000, 0x000000008bd00000, 0x000000008be00000|  0%| F|  |TAMS 0x000000008bd00000, 0x000000008bd00000| Untracked 
| 190|0x000000008be00000, 0x000000008be00000, 0x000000008bf00000|  0%| F|  |TAMS 0x000000008be00000, 0x000000008be00000| Untracked 
| 191|0x000000008bf00000, 0x000000008bf00000, 0x000000008c000000|  0%| F|  |TAMS 0x000000008bf00000, 0x000000008bf00000| Untracked 
| 192|0x000000008c000000, 0x000000008c000000, 0x000000008c100000|  0%| F|  |TAMS 0x000000008c000000, 0x000000008c000000| Untracked 
| 193|0x000000008c100000, 0x000000008c100000, 0x000000008c200000|  0%| F|  |TAMS 0x000000008c100000, 0x000000008c100000| Untracked 
| 194|0x000000008c200000, 0x000000008c200000, 0x000000008c300000|  0%| F|  |TAMS 0x000000008c200000, 0x000000008c200000| Untracked 
| 195|0x000000008c300000, 0x000000008c300000, 0x000000008c400000|  0%| F|  |TAMS 0x000000008c300000, 0x000000008c300000| Untracked 
| 196|0x000000008c400000, 0x000000008c400000, 0x000000008c500000|  0%| F|  |TAMS 0x000000008c400000, 0x000000008c400000| Untracked 
| 197|0x000000008c500000, 0x000000008c500000, 0x000000008c600000|  0%| F|  |TAMS 0x000000008c500000, 0x000000008c500000| Untracked 
| 198|0x000000008c600000, 0x000000008c600000, 0x000000008c700000|  0%| F|  |TAMS 0x000000008c600000, 0x000000008c600000| Untracked 
| 199|0x000000008c700000, 0x000000008c700000, 0x000000008c800000|  0%| F|  |TAMS 0x000000008c700000, 0x000000008c700000| Untracked 
| 200|0x000000008c800000, 0x000000008c800000, 0x000000008c900000|  0%| F|  |TAMS 0x000000008c800000, 0x000000008c800000| Untracked 
| 201|0x000000008c900000, 0x000000008c900000, 0x000000008ca00000|  0%| F|  |TAMS 0x000000008c900000, 0x000000008c900000| Untracked 
| 202|0x000000008ca00000, 0x000000008ca00000, 0x000000008cb00000|  0%| F|  |TAMS 0x000000008ca00000, 0x000000008ca00000| Untracked 
| 203|0x000000008cb00000, 0x000000008cb00000, 0x000000008cc00000|  0%| F|  |TAMS 0x000000008cb00000, 0x000000008cb00000| Untracked 
| 204|0x000000008cc00000, 0x000000008cc00000, 0x000000008cd00000|  0%| F|  |TAMS 0x000000008cc00000, 0x000000008cc00000| Untracked 
| 205|0x000000008cd00000, 0x000000008cd00000, 0x000000008ce00000|  0%| F|  |TAMS 0x000000008cd00000, 0x000000008cd00000| Untracked 
| 206|0x000000008ce00000, 0x000000008ce00000, 0x000000008cf00000|  0%| F|  |TAMS 0x000000008ce00000, 0x000000008ce00000| Untracked 
| 207|0x000000008cf00000, 0x000000008cf00000, 0x000000008d000000|  0%| F|  |TAMS 0x000000008cf00000, 0x000000008cf00000| Untracked 
| 208|0x000000008d000000, 0x000000008d000000, 0x000000008d100000|  0%| F|  |TAMS 0x000000008d000000, 0x000000008d000000| Untracked 
| 209|0x000000008d100000, 0x000000008d100000, 0x000000008d200000|  0%| F|  |TAMS 0x000000008d100000, 0x000000008d100000| Untracked 
| 210|0x000000008d200000, 0x000000008d200000, 0x000000008d300000|  0%| F|  |TAMS 0x000000008d200000, 0x000000008d200000| Untracked 
| 211|0x000000008d300000, 0x000000008d300000, 0x000000008d400000|  0%| F|  |TAMS 0x000000008d300000, 0x000000008d300000| Untracked 
| 212|0x000000008d400000, 0x000000008d400000, 0x000000008d500000|  0%| F|  |TAMS 0x000000008d400000, 0x000000008d400000| Untracked 
| 213|0x000000008d500000, 0x000000008d500000, 0x000000008d600000|  0%| F|  |TAMS 0x000000008d500000, 0x000000008d500000| Untracked 
| 214|0x000000008d600000, 0x000000008d600000, 0x000000008d700000|  0%| F|  |TAMS 0x000000008d600000, 0x000000008d600000| Untracked 
| 215|0x000000008d700000, 0x000000008d700000, 0x000000008d800000|  0%| F|  |TAMS 0x000000008d700000, 0x000000008d700000| Untracked 
| 216|0x000000008d800000, 0x000000008d800000, 0x000000008d900000|  0%| F|  |TAMS 0x000000008d800000, 0x000000008d800000| Untracked 
| 217|0x000000008d900000, 0x000000008d900000, 0x000000008da00000|  0%| F|  |TAMS 0x000000008d900000, 0x000000008d900000| Untracked 
| 218|0x000000008da00000, 0x000000008da00000, 0x000000008db00000|  0%| F|  |TAMS 0x000000008da00000, 0x000000008da00000| Untracked 
| 219|0x000000008db00000, 0x000000008db00000, 0x000000008dc00000|  0%| F|  |TAMS 0x000000008db00000, 0x000000008db00000| Untracked 
| 220|0x000000008dc00000, 0x000000008dc00000, 0x000000008dd00000|  0%| F|  |TAMS 0x000000008dc00000, 0x000000008dc00000| Untracked 
| 221|0x000000008dd00000, 0x000000008dd00000, 0x000000008de00000|  0%| F|  |TAMS 0x000000008dd00000, 0x000000008dd00000| Untracked 
| 222|0x000000008de00000, 0x000000008de00000, 0x000000008df00000|  0%| F|  |TAMS 0x000000008de00000, 0x000000008de00000| Untracked 
| 223|0x000000008df00000, 0x000000008df00000, 0x000000008e000000|  0%| F|  |TAMS 0x000000008df00000, 0x000000008df00000| Untracked 
| 224|0x000000008e000000, 0x000000008e000000, 0x000000008e100000|  0%| F|  |TAMS 0x000000008e000000, 0x000000008e000000| Untracked 
| 225|0x000000008e100000, 0x000000008e100000, 0x000000008e200000|  0%| F|  |TAMS 0x000000008e100000, 0x000000008e100000| Untracked 
| 226|0x000000008e200000, 0x000000008e200000, 0x000000008e300000|  0%| F|  |TAMS 0x000000008e200000, 0x000000008e200000| Untracked 
| 227|0x000000008e300000, 0x000000008e300000, 0x000000008e400000|  0%| F|  |TAMS 0x000000008e300000, 0x000000008e300000| Untracked 
| 228|0x000000008e400000, 0x000000008e400000, 0x000000008e500000|  0%| F|  |TAMS 0x000000008e400000, 0x000000008e400000| Untracked 
| 229|0x000000008e500000, 0x000000008e500000, 0x000000008e600000|  0%| F|  |TAMS 0x000000008e500000, 0x000000008e500000| Untracked 
| 230|0x000000008e600000, 0x000000008e600000, 0x000000008e700000|  0%| F|  |TAMS 0x000000008e600000, 0x000000008e600000| Untracked 
| 231|0x000000008e700000, 0x000000008e700000, 0x000000008e800000|  0%| F|  |TAMS 0x000000008e700000, 0x000000008e700000| Untracked 
| 232|0x000000008e800000, 0x000000008e886290, 0x000000008e900000| 52%| E|  |TAMS 0x000000008e800000, 0x000000008e800000| Complete 
| 233|0x000000008e900000, 0x000000008ea00000, 0x000000008ea00000|100%| E|CS|TAMS 0x000000008e900000, 0x000000008e900000| Complete 
| 234|0x000000008ea00000, 0x000000008eb00000, 0x000000008eb00000|100%| E|CS|TAMS 0x000000008ea00000, 0x000000008ea00000| Complete 
| 235|0x000000008eb00000, 0x000000008ec00000, 0x000000008ec00000|100%| E|CS|TAMS 0x000000008eb00000, 0x000000008eb00000| Complete 
| 236|0x000000008ec00000, 0x000000008ed00000, 0x000000008ed00000|100%| E|CS|TAMS 0x000000008ec00000, 0x000000008ec00000| Complete 
| 237|0x000000008ed00000, 0x000000008ee00000, 0x000000008ee00000|100%| E|CS|TAMS 0x000000008ed00000, 0x000000008ed00000| Complete 
| 238|0x000000008ee00000, 0x000000008ef00000, 0x000000008ef00000|100%| E|CS|TAMS 0x000000008ee00000, 0x000000008ee00000| Complete 
| 239|0x000000008ef00000, 0x000000008f000000, 0x000000008f000000|100%| E|CS|TAMS 0x000000008ef00000, 0x000000008ef00000| Complete 
| 240|0x000000008f000000, 0x000000008f100000, 0x000000008f100000|100%| E|CS|TAMS 0x000000008f000000, 0x000000008f000000| Complete 
| 241|0x000000008f100000, 0x000000008f200000, 0x000000008f200000|100%| E|CS|TAMS 0x000000008f100000, 0x000000008f100000| Complete 
| 242|0x000000008f200000, 0x000000008f300000, 0x000000008f300000|100%| E|CS|TAMS 0x000000008f200000, 0x000000008f200000| Complete 
| 243|0x000000008f300000, 0x000000008f400000, 0x000000008f400000|100%| E|CS|TAMS 0x000000008f300000, 0x000000008f300000| Complete 
| 244|0x000000008f400000, 0x000000008f500000, 0x000000008f500000|100%| E|CS|TAMS 0x000000008f400000, 0x000000008f400000| Complete 
| 245|0x000000008f500000, 0x000000008f600000, 0x000000008f600000|100%| E|CS|TAMS 0x000000008f500000, 0x000000008f500000| Complete 
| 246|0x000000008f600000, 0x000000008f700000, 0x000000008f700000|100%| E|CS|TAMS 0x000000008f600000, 0x000000008f600000| Complete 
| 247|0x000000008f700000, 0x000000008f800000, 0x000000008f800000|100%| E|CS|TAMS 0x000000008f700000, 0x000000008f700000| Complete 
| 248|0x000000008f800000, 0x000000008f900000, 0x000000008f900000|100%| E|CS|TAMS 0x000000008f800000, 0x000000008f800000| Complete 
| 249|0x000000008f900000, 0x000000008fa00000, 0x000000008fa00000|100%| E|CS|TAMS 0x000000008f900000, 0x000000008f900000| Complete 
| 250|0x000000008fa00000, 0x000000008fb00000, 0x000000008fb00000|100%| E|  |TAMS 0x000000008fa00000, 0x000000008fa00000| Complete 
| 251|0x000000008fb00000, 0x000000008fc00000, 0x000000008fc00000|100%| E|CS|TAMS 0x000000008fb00000, 0x000000008fb00000| Complete 
| 252|0x000000008fc00000, 0x000000008fd00000, 0x000000008fd00000|100%| E|CS|TAMS 0x000000008fc00000, 0x000000008fc00000| Complete 
| 253|0x000000008fd00000, 0x000000008fe00000, 0x000000008fe00000|100%| E|CS|TAMS 0x000000008fd00000, 0x000000008fd00000| Complete 

Card table byte_map: [0x00000176fefb0000,0x00000176ff3b0000] _byte_map_base: 0x00000176febb0000

Marking Bits (Prev, Next): (CMBitMap*) 0x00000176e9eada88, (CMBitMap*) 0x00000176e9eadac0
 Prev Bits: [0x0000017680000000, 0x0000017682000000)
 Next Bits: [0x0000017682000000, 0x0000017684000000)

Polling page: 0x00000176e9f50000

Metaspace:

Usage:
  Non-class:     83.95 MB capacity,    82.40 MB ( 98%) used,     1.28 MB (  2%) free+waste,   277.63 KB ( <1%) overhead. 
      Class:     12.96 MB capacity,    12.09 MB ( 93%) used,   768.48 KB (  6%) free+waste,   124.69 KB ( <1%) overhead. 
       Both:     96.92 MB capacity,    94.49 MB ( 97%) used,     2.03 MB (  2%) free+waste,   402.31 KB ( <1%) overhead. 

Virtual space:
  Non-class space:       84.00 MB reserved,      84.00 MB (100%) committed 
      Class space:        1.00 GB reserved,      13.07 MB (  1%) committed 
             Both:        1.08 GB reserved,      97.07 MB (  9%) committed 

Chunk freelists:
   Non-Class:  49.00 KB
       Class:  5.00 KB
        Both:  54.00 KB

MaxMetaspaceSize: 17179869184.00 GB
CompressedClassSpaceSize: 1.00 GB

CodeHeap 'non-profiled nmethods': size=120000Kb used=7724Kb max_used=7724Kb free=112276Kb
 bounds [0x00000176f6c20000, 0x00000176f73b0000, 0x00000176fe150000]
CodeHeap 'profiled nmethods': size=120000Kb used=26672Kb max_used=26672Kb free=93327Kb
 bounds [0x00000176ef6f0000, 0x00000176f1100000, 0x00000176f6c20000]
CodeHeap 'non-nmethods': size=5760Kb used=2314Kb max_used=2371Kb free=3446Kb
 bounds [0x00000176ef150000, 0x00000176ef3c0000, 0x00000176ef6f0000]
 total_blobs=13219 nmethods=12292 adapters=838
 compilation: enabled
              stopped_count=0, restarted_count=0
 full_count=0

Compilation events (20 events):
Event: 227.338 Thread 0x0000017686ba6800 nmethod 12375 0x00000176f73a9a90 code [0x00000176f73a9c20, 0x00000176f73aa078]
Event: 227.398 Thread 0x0000017686ba9000 12376       3       org.gradle.internal.service.DefaultServiceRegistry$OwnServices::getAll (46 bytes)
Event: 227.399 Thread 0x0000017686ba9000 nmethod 12376 0x00000176f10f8890 code [0x00000176f10f8ac0, 0x00000176f10f9368]
Event: 227.399 Thread 0x0000017686ba9000 12377       3       org.gradle.internal.service.DefaultServiceRegistry$CollectingVisitor::visit (25 bytes)
Event: 227.400 Thread 0x0000017686ba9000 nmethod 12377 0x00000176f10f9610 code [0x00000176f10f97e0, 0x00000176f10f9ab8]
Event: 227.400 Thread 0x0000017686ba9000 12378       1       org.gradle.internal.service.DefaultServiceRegistry::access$300 (5 bytes)
Event: 227.400 Thread 0x0000017686ba9000 nmethod 12378 0x00000176f73aa110 code [0x00000176f73aa2c0, 0x00000176f73aa358]
Event: 227.403 Thread 0x0000017686ba6800 12379   !   4       org.gradle.internal.service.DefaultServiceRegistry$SingletonService::prepare (111 bytes)
Event: 227.410 Thread 0x0000017686ba6800 nmethod 12379 0x00000176f73aa410 code [0x00000176f73aa5c0, 0x00000176f73aab98]
Event: 227.416 Thread 0x0000017686ba6800 12380       4       org.gradle.internal.service.DefaultServiceRegistry$OwnServices$ProviderAnalyser::analyseType (114 bytes)
Event: 227.416 Thread 0x0000017686ba9000 12381       3       java.lang.Class::isMemberClass (20 bytes)
Event: 227.417 Thread 0x0000017686ba9000 nmethod 12381 0x00000176f10f9c10 code [0x00000176f10f9e00, 0x00000176f10fa128]
Event: 227.455 Thread 0x0000017686ba9000 12384       3       com.google.common.collect.Lists::newArrayList (36 bytes)
Event: 227.458 Thread 0x0000017686ba9000 nmethod 12384 0x00000176f10fa290 code [0x00000176f10fa4e0, 0x00000176f10fae78]
Event: 227.458 Thread 0x0000017686ba9000 12385       3       org.gradle.internal.event.DefaultListenerManager$EventBroadcast$ListenerDispatch::<init> (16 bytes)
Event: 227.458 Thread 0x0000017686ba9000 nmethod 12385 0x00000176f10fb110 code [0x00000176f10fb2e0, 0x00000176f10fb558]
Event: 227.466 Thread 0x0000017686ba9000 12386       3       java.util.concurrent.locks.ReentrantLock::<init> (30 bytes)
Event: 227.467 Thread 0x0000017686ba9000 nmethod 12386 0x00000176f10fb690 code [0x00000176f10fb8a0, 0x00000176f10fbf18]
Event: 227.487 Thread 0x0000017686ba9000 12387       1       sun.security.provider.DigestBase::engineGetDigestLength (5 bytes)
Event: 227.487 Thread 0x0000017686ba9000 nmethod 12387 0x00000176f73aad10 code [0x00000176f73aaec0, 0x00000176f73aaf78]

GC Heap History (20 events):
Event: 2.343 GC heap before
{Heap before GC invocations=3 (full 0):
 garbage-first heap   total 260096K, used 51234K [0x0000000080000000, 0x0000000100000000)
  region size 1024K, 45 young (46080K), 10 survivors (10240K)
 Metaspace       used 23983K, capacity 24662K, committed 24832K, reserved 1071104K
  class space    used 3079K, capacity 3289K, committed 3328K, reserved 1048576K
}
Event: 2.348 GC heap after
{Heap after GC invocations=4 (full 0):
 garbage-first heap   total 260096K, used 17500K [0x0000000080000000, 0x0000000100000000)
  region size 1024K, 2 young (2048K), 2 survivors (2048K)
 Metaspace       used 23983K, capacity 24662K, committed 24832K, reserved 1071104K
  class space    used 3079K, capacity 3289K, committed 3328K, reserved 1048576K
}
Event: 3.296 GC heap before
{Heap before GC invocations=4 (full 0):
 garbage-first heap   total 260096K, used 93276K [0x0000000080000000, 0x0000000100000000)
  region size 1024K, 77 young (78848K), 2 survivors (2048K)
 Metaspace       used 34997K, capacity 35822K, committed 35840K, reserved 1081344K
  class space    used 4538K, capacity 4864K, committed 4864K, reserved 1048576K
}
Event: 3.303 GC heap after
{Heap after GC invocations=5 (full 0):
 garbage-first heap   total 260096K, used 21484K [0x0000000080000000, 0x0000000100000000)
  region size 1024K, 6 young (6144K), 6 survivors (6144K)
 Metaspace       used 34997K, capacity 35822K, committed 35840K, reserved 1081344K
  class space    used 4538K, capacity 4864K, committed 4864K, reserved 1048576K
}
Event: 4.359 GC heap before
{Heap before GC invocations=6 (full 0):
 garbage-first heap   total 260096K, used 129004K [0x0000000080000000, 0x0000000100000000)
  region size 1024K, 107 young (109568K), 6 survivors (6144K)
 Metaspace       used 43469K, capacity 44460K, committed 44620K, reserved 1087488K
  class space    used 5551K, capacity 5898K, committed 5964K, reserved 1048576K
}
Event: 4.368 GC heap after
{Heap after GC invocations=7 (full 0):
 garbage-first heap   total 260096K, used 27685K [0x0000000080000000, 0x0000000100000000)
  region size 1024K, 12 young (12288K), 12 survivors (12288K)
 Metaspace       used 43469K, capacity 44460K, committed 44620K, reserved 1087488K
  class space    used 5551K, capacity 5898K, committed 5964K, reserved 1048576K
}
Event: 6.036 GC heap before
{Heap before GC invocations=7 (full 0):
 garbage-first heap   total 260096K, used 162853K [0x0000000080000000, 0x0000000100000000)
  region size 1024K, 137 young (140288K), 12 survivors (12288K)
 Metaspace       used 53917K, capacity 55349K, committed 55628K, reserved 1097728K
  class space    used 6858K, capacity 7397K, committed 7500K, reserved 1048576K
}
Event: 6.048 GC heap after
{Heap after GC invocations=8 (full 0):
 garbage-first heap   total 260096K, used 46683K [0x0000000080000000, 0x0000000100000000)
  region size 1024K, 17 young (17408K), 17 survivors (17408K)
 Metaspace       used 53917K, capacity 55349K, committed 55628K, reserved 1097728K
  class space    used 6858K, capacity 7397K, committed 7500K, reserved 1048576K
}
Event: 6.474 GC heap before
{Heap before GC invocations=8 (full 0):
 garbage-first heap   total 260096K, used 75355K [0x0000000080000000, 0x0000000100000000)
  region size 1024K, 46 young (47104K), 17 survivors (17408K)
 Metaspace       used 58713K, capacity 60160K, committed 60236K, reserved 1101824K
  class space    used 7449K, capacity 7996K, committed 8012K, reserved 1048576K
}
Event: 6.494 GC heap after
{Heap after GC invocations=9 (full 0):
 garbage-first heap   total 260096K, used 49522K [0x0000000080000000, 0x0000000100000000)
  region size 1024K, 3 young (3072K), 3 survivors (3072K)
 Metaspace       used 58713K, capacity 60160K, committed 60236K, reserved 1101824K
  class space    used 7449K, capacity 7996K, committed 8012K, reserved 1048576K
}
Event: 7.646 GC heap before
{Heap before GC invocations=10 (full 0):
 garbage-first heap   total 260096K, used 163186K [0x0000000080000000, 0x0000000100000000)
  region size 1024K, 114 young (116736K), 3 survivors (3072K)
 Metaspace       used 67096K, capacity 68647K, committed 68812K, reserved 1110016K
  class space    used 8517K, capacity 9080K, committed 9164K, reserved 1048576K
}
Event: 7.663 GC heap after
{Heap after GC invocations=11 (full 0):
 garbage-first heap   total 260096K, used 57235K [0x0000000080000000, 0x0000000100000000)
  region size 1024K, 11 young (11264K), 11 survivors (11264K)
 Metaspace       used 67096K, capacity 68647K, committed 68812K, reserved 1110016K
  class space    used 8517K, capacity 9080K, committed 9164K, reserved 1048576K
}
Event: 9.473 GC heap before
{Heap before GC invocations=12 (full 0):
 garbage-first heap   total 260096K, used 171923K [0x0000000080000000, 0x0000000100000000)
  region size 1024K, 123 young (125952K), 11 survivors (11264K)
 Metaspace       used 79093K, capacity 80946K, committed 81100K, reserved 1120256K
  class space    used 10260K, capacity 10927K, committed 10956K, reserved 1048576K
}
Event: 9.485 GC heap after
{Heap after GC invocations=13 (full 0):
 garbage-first heap   total 260096K, used 64591K [0x0000000080000000, 0x0000000100000000)
  region size 1024K, 8 young (8192K), 8 survivors (8192K)
 Metaspace       used 79093K, capacity 80946K, committed 81100K, reserved 1120256K
  class space    used 10260K, capacity 10927K, committed 10956K, reserved 1048576K
}
Event: 10.957 GC heap before
{Heap before GC invocations=13 (full 0):
 garbage-first heap   total 260096K, used 197711K [0x0000000080000000, 0x0000000100000000)
  region size 1024K, 122 young (124928K), 8 survivors (8192K)
 Metaspace       used 84779K, capacity 86908K, committed 87116K, reserved 1124352K
  class space    used 10984K, capacity 11772K, committed 11852K, reserved 1048576K
}
Event: 10.972 GC heap after
{Heap after GC invocations=14 (full 0):
 garbage-first heap   total 260096K, used 69801K [0x0000000080000000, 0x0000000100000000)
  region size 1024K, 13 young (13312K), 13 survivors (13312K)
 Metaspace       used 84779K, capacity 86908K, committed 87116K, reserved 1124352K
  class space    used 10984K, capacity 11772K, committed 11852K, reserved 1048576K
}
Event: 11.828 GC heap before
{Heap before GC invocations=14 (full 0):
 garbage-first heap   total 260096K, used 187561K [0x0000000080000000, 0x0000000100000000)
  region size 1024K, 129 young (132096K), 13 survivors (13312K)
 Metaspace       used 89896K, capacity 92064K, committed 92364K, reserved 1128448K
  class space    used 11563K, capacity 12355K, committed 12492K, reserved 1048576K
}
Event: 11.841 GC heap after
{Heap after GC invocations=15 (full 0):
 garbage-first heap   total 260096K, used 74941K [0x0000000080000000, 0x0000000100000000)
  region size 1024K, 11 young (11264K), 11 survivors (11264K)
 Metaspace       used 89896K, capacity 92064K, committed 92364K, reserved 1128448K
  class space    used 11563K, capacity 12355K, committed 12492K, reserved 1048576K
}
Event: 14.616 GC heap before
{Heap before GC invocations=15 (full 0):
 garbage-first heap   total 260096K, used 193725K [0x0000000080000000, 0x0000000100000000)
  region size 1024K, 128 young (131072K), 11 survivors (11264K)
 Metaspace       used 95166K, capacity 97450K, committed 97612K, reserved 1134592K
  class space    used 12165K, capacity 13008K, committed 13132K, reserved 1048576K
}
Event: 14.630 GC heap after
{Heap after GC invocations=16 (full 0):
 garbage-first heap   total 260096K, used 83208K [0x0000000080000000, 0x0000000100000000)
  region size 1024K, 14 young (14336K), 14 survivors (14336K)
 Metaspace       used 95166K, capacity 97450K, committed 97612K, reserved 1134592K
  class space    used 12165K, capacity 13008K, committed 13132K, reserved 1048576K
}

Deoptimization events (20 events):
Event: 21.674 Thread 0x0000017686d2e800 Uncommon trap: trap_request=0xffffff4d fr.pc=0x00000176f6ffed84 relative=0x0000000000000624
Event: 21.674 Thread 0x0000017686d2e800 Uncommon trap: reason=unstable_if action=reinterpret pc=0x00000176f6ffed84 method=java.lang.AbstractStringBuilder.append(Ljava/lang/String;)Ljava/lang/AbstractStringBuilder; @ 1 c2
Event: 21.674 Thread 0x0000017686d2e800 DEOPT PACKING pc=0x00000176f6ffed84 sp=0x00000025cc1fe3c0
Event: 21.674 Thread 0x0000017686d2e800 DEOPT UNPACKING pc=0x00000176ef1778af sp=0x00000025cc1fe3a8 mode 2
Event: 51.675 Thread 0x0000017686d2e800 Uncommon trap: trap_request=0xffffffc6 fr.pc=0x00000176f737de54 relative=0x0000000000000b54
Event: 51.675 Thread 0x0000017686d2e800 Uncommon trap: reason=bimorphic_or_optimized_type_check action=maybe_recompile pc=0x00000176f737de54 method=java.util.HashMap.removeNode(ILjava/lang/Object;Ljava/lang/Object;ZZ)Ljava/util/HashMap$Node; @ 283 c2
Event: 51.675 Thread 0x0000017686d2e800 DEOPT PACKING pc=0x00000176f737de54 sp=0x00000025cc1fe330
Event: 51.675 Thread 0x0000017686d2e800 DEOPT UNPACKING pc=0x00000176ef1778af sp=0x00000025cc1fe2c8 mode 2
Event: 51.675 Thread 0x0000017686d2e800 Uncommon trap: trap_request=0xffffffc6 fr.pc=0x00000176f737de54 relative=0x0000000000000b54
Event: 51.675 Thread 0x0000017686d2e800 Uncommon trap: reason=bimorphic_or_optimized_type_check action=maybe_recompile pc=0x00000176f737de54 method=java.util.HashMap.removeNode(ILjava/lang/Object;Ljava/lang/Object;ZZ)Ljava/util/HashMap$Node; @ 283 c2
Event: 51.675 Thread 0x0000017686d2e800 DEOPT PACKING pc=0x00000176f737de54 sp=0x00000025cc1fe330
Event: 51.675 Thread 0x0000017686d2e800 DEOPT UNPACKING pc=0x00000176ef1778af sp=0x00000025cc1fe2c8 mode 2
Event: 227.332 Thread 0x000001768bf3e800 Uncommon trap: trap_request=0xffffffc6 fr.pc=0x00000176f7302ef0 relative=0x0000000000000130
Event: 227.332 Thread 0x000001768bf3e800 Uncommon trap: reason=bimorphic_or_optimized_type_check action=maybe_recompile pc=0x00000176f7302ef0 method=java.util.Collections$UnmodifiableList.get(I)Ljava/lang/Object; @ 5 c2
Event: 227.332 Thread 0x000001768bf3e800 DEOPT PACKING pc=0x00000176f7302ef0 sp=0x00000025cc8fe9e0
Event: 227.333 Thread 0x000001768bf3e800 DEOPT UNPACKING pc=0x00000176ef1778af sp=0x00000025cc8fe978 mode 2
Event: 227.431 Thread 0x000001768bf3e800 Uncommon trap: trap_request=0xffffff4d fr.pc=0x00000176f7116058 relative=0x00000000000004b8
Event: 227.432 Thread 0x000001768bf3e800 Uncommon trap: reason=unstable_if action=reinterpret pc=0x00000176f7116058 method=org.gradle.cache.internal.DefaultCrossBuildInMemoryCacheFactory$AbstractCrossBuildInMemoryCache.getIfPresentWithoutLock(Ljava/lang/Object;)Ljava/lang/Object; @ 24 c2
Event: 227.432 Thread 0x000001768bf3e800 DEOPT PACKING pc=0x00000176f7116058 sp=0x00000025cc8fd3f0
Event: 227.432 Thread 0x000001768bf3e800 DEOPT UNPACKING pc=0x00000176ef1778af sp=0x00000025cc8fd398 mode 2

Classes redefined (0 events):
No events

Internal exceptions (20 events):
Event: 12.028 Thread 0x000001768c327000 Exception <a 'java/lang/NoSuchMethodError'{0x000000008f48a078}: 'java.lang.Object java.lang.invoke.DirectMethodHandle$Holder.invokeStatic(java.lang.Object, long)'> (0x000000008f48a078) thrown at [./src/hotspot/share/interpreter/linkResolver.cpp, line 773]
Event: 12.029 Thread 0x000001768c327000 Exception <a 'java/lang/NoSuchMethodError'{0x000000008f4983e0}: 'java.lang.Object java.lang.invoke.DirectMethodHandle$Holder.invokeStaticInit(java.lang.Object, java.lang.Object, long, java.lang.Object)'> (0x000000008f4983e0) thrown at [./src/hotspot/share/interpreter/linkResolver.cpp, line 773]
Event: 12.030 Thread 0x000001768c327000 Exception <a 'java/lang/NoSuchMethodError'{0x000000008f49e578}: 'java.lang.Object java.lang.invoke.DirectMethodHandle$Holder.invokeStatic(java.lang.Object, java.lang.Object, long)'> (0x000000008f49e578) thrown at [./src/hotspot/share/interpreter/linkResolver.cpp, line 773]
Event: 12.030 Thread 0x000001768c327000 Exception <a 'java/lang/NoSuchMethodError'{0x000000008f4a4af0}: 'java.lang.Object java.lang.invoke.Invokers$Holder.linkToTargetMethod(java.lang.Object, long, java.lang.Object)'> (0x000000008f4a4af0) thrown at [./src/hotspot/share/interpreter/linkResolver.cpp, line 773]
Event: 12.263 Thread 0x000001768c327000 Exception <a 'java/lang/NoSuchMethodError'{0x000000008f21f4d8}: 'int java.lang.invoke.DirectMethodHandle$Holder.invokeSpecialIFC(java.lang.Object, java.lang.Object, java.lang.Object)'> (0x000000008f21f4d8) thrown at [./src/hotspot/share/interpreter/linkResolver.cpp, line 773]
Event: 13.772 Thread 0x000001768c327000 Exception <a 'sun/nio/fs/WindowsException'{0x000000008de85190}> (0x000000008de85190) thrown at [./src/hotspot/share/prims/jni.cpp, line 615]
Event: 13.772 Thread 0x000001768c327000 Exception <a 'sun/nio/fs/WindowsException'{0x000000008de85278}> (0x000000008de85278) thrown at [./src/hotspot/share/prims/jni.cpp, line 615]
Event: 14.251 Thread 0x000001768c323800 Implicit null exception at 0x00000176f7309c33 to 0x00000176f7309d30
Event: 14.293 Thread 0x000001768c323800 Exception <a 'java/lang/NoSuchMethodError'{0x000000008a8e9a38}: 'int java.lang.invoke.DirectMethodHandle$Holder.invokeSpecial(java.lang.Object, java.lang.Object, java.lang.Object, java.lang.Object, java.lang.Object)'> (0x000000008a8e9a38) thrown at [./src/hotspot/share/interpreter/linkResolver.cpp, line 773]
Event: 14.337 Thread 0x000001768a7eb000 Implicit null exception at 0x00000176f7325cd2 to 0x00000176f73260d8
Event: 14.463 Thread 0x000001768c32c000 Exception <a 'sun/nio/fs/WindowsException'{0x00000000897e4fa0}> (0x00000000897e4fa0) thrown at [./src/hotspot/share/prims/jni.cpp, line 615]
Event: 14.519 Thread 0x000001768c32c000 Exception <a 'java/lang/NoSuchMethodError'{0x00000000893f0ae8}: 'java.lang.Object java.lang.invoke.DirectMethodHandle$Holder.invokeStatic(java.lang.Object, java.lang.Object, java.lang.Object, java.lang.Object, java.lang.Object, int, java.lang.Object)'> (0x00000000893f0ae8) thrown at [./src/hotspot/share/interpreter/linkResolver.cpp, line 773]
Event: 14.554 Thread 0x000001768c32c000 Exception <a 'java/lang/NoSuchMethodError'{0x0000000088fe22e8}: 'java.lang.Object java.lang.invoke.DirectMethodHandle$Holder.invokeStatic(java.lang.Object, java.lang.Object, java.lang.Object, java.lang.Object, java.lang.Object, java.lang.Object, java.lang.Object, int)'> (0x0000000088fe22e8) thrown at [./src/hotspot/share/interpreter/linkResolver.cpp, line 773]
Event: 14.554 Thread 0x000001768c32c000 Exception <a 'java/lang/NoSuchMethodError'{0x0000000088fe6720}: 'java.lang.Object java.lang.invoke.DirectMethodHandle$Holder.invokeSpecial(java.lang.Object, java.lang.Object, java.lang.Object, java.lang.Object, java.lang.Object, java.lang.Object, java.lang.Object, java.lang.Object, int)'> (0x0000000088fe6720) thrown at [./src/hotspot/share/interpreter/linkResolver.cpp, line 773]
Event: 14.554 Thread 0x000001768c32c000 Exception <a 'java/lang/NoSuchMethodError'{0x0000000088fea4d8}: 'java.lang.Object java.lang.invoke.Invokers$Holder.linkToTargetMethod(java.lang.Object, java.lang.Object, java.lang.Object, java.lang.Object, java.lang.Object, java.lang.Object, int, java.lang.Object)'> (0x0000000088fea4d8) thrown at [./src/hotspot/share/interpreter/linkResolver.cpp, line 773]
Event: 14.744 Thread 0x000001768c32c000 Implicit null exception at 0x00000176f6e7d96b to 0x00000176f6e7d98c
Event: 14.831 Thread 0x0000017686d2b800 Exception <a 'java/lang/NoSuchMethodError'{0x000000008f37ac20}: 'java.lang.Object java.lang.invoke.DirectMethodHandle$Holder.invokeSpecial(java.lang.Object, java.lang.Object, java.lang.Object, java.lang.Object, int, java.lang.Object, java.lang.Object)'> (0x000000008f37ac20) thrown at [./src/hotspot/share/interpreter/linkResolver.cpp, line 773]
Event: 14.835 Thread 0x0000017686d2b800 Exception <a 'java/lang/NoSuchMethodError'{0x000000008f3c8178}: 'int java.lang.invoke.DirectMethodHandle$Holder.invokeVirtual(java.lang.Object, java.lang.Object, java.lang.Object)'> (0x000000008f3c8178) thrown at [./src/hotspot/share/interpreter/linkResolver.cpp, line 773]
Event: 21.674 Thread 0x0000017686d2e800 Implicit null exception at 0x00000176f6c6ae74 to 0x00000176f6c6b388
Event: 21.674 Thread 0x0000017686d2e800 Implicit null exception at 0x00000176f6ffe794 to 0x00000176f6ffed6c

Events (20 events):
Event: 227.331 Thread 0x000001768bf44800 Thread added: 0x000001768bf44800
Event: 227.343 Thread 0x000001768bf45000 Thread added: 0x000001768bf45000
Event: 227.345 Thread 0x000001768bf42800 Thread added: 0x000001768bf42800
Event: 227.386 Executing VM operation: RevokeBias
Event: 227.386 Executing VM operation: RevokeBias done
Event: 227.387 Executing VM operation: RevokeBias
Event: 227.387 Executing VM operation: RevokeBias done
Event: 227.440 Executing VM operation: RevokeBias
Event: 227.441 Executing VM operation: RevokeBias done
Event: 227.460 Thread 0x000001768bf40800 Thread added: 0x000001768bf40800
Event: 227.471 loading class org/gradle/internal/watch/vfs/impl/WatchingVirtualFileSystem
Event: 227.471 loading class org/gradle/internal/watch/vfs/impl/WatchingVirtualFileSystem done
Event: 227.472 Executing VM operation: RevokeBias
Event: 227.473 Executing VM operation: RevokeBias done
Event: 227.484 Executing VM operation: RevokeBias
Event: 227.484 Executing VM operation: RevokeBias done
Event: 227.489 Executing VM operation: RevokeBias
Event: 227.489 Executing VM operation: RevokeBias done
Event: 227.489 Executing VM operation: RevokeBias
Event: 227.489 Executing VM operation: RevokeBias done


Dynamic libraries:
0x00007ff66f110000 - 0x00007ff66f11a000 	C:\Program Files\Android\Android Studio\jre\bin\java.exe
0x00007ffe15650000 - 0x00007ffe15845000 	C:\Windows\SYSTEM32\ntdll.dll
0x00007ffe13760000 - 0x00007ffe1381e000 	C:\Windows\System32\KERNEL32.DLL
0x00007ffe131a0000 - 0x00007ffe13468000 	C:\Windows\System32\KERNELBASE.dll
0x00007ffe134a0000 - 0x00007ffe135a0000 	C:\Windows\System32\ucrtbase.dll
0x00007ffdfd4c0000 - 0x00007ffdfd4d7000 	C:\Program Files\Android\Android Studio\jre\bin\VCRUNTIME140.dll
0x00007ffdfd420000 - 0x00007ffdfd439000 	C:\Program Files\Android\Android Studio\jre\bin\jli.dll
0x00007ffe13b00000 - 0x00007ffe13ca1000 	C:\Windows\System32\USER32.dll
0x00007ffdfa710000 - 0x00007ffdfa9aa000 	C:\Windows\WinSxS\amd64_microsoft.windows.common-controls_6595b64144ccf1df_6.0.19041.1110_none_60b5254171f9507e\COMCTL32.dll
0x00007ffe13470000 - 0x00007ffe13492000 	C:\Windows\System32\win32u.dll
0x00007ffe138b0000 - 0x00007ffe1394e000 	C:\Windows\System32\msvcrt.dll
0x00007ffe15580000 - 0x00007ffe155ab000 	C:\Windows\System32\GDI32.dll
0x00007ffe12d70000 - 0x00007ffe12e7b000 	C:\Windows\System32\gdi32full.dll
0x00007ffe135a0000 - 0x00007ffe1363d000 	C:\Windows\System32\msvcp_win.dll
0x00007ffe136a0000 - 0x00007ffe136d0000 	C:\Windows\System32\IMM32.DLL
0x00007ffdf1060000 - 0x00007ffdf10fd000 	C:\Program Files\Android\Android Studio\jre\bin\msvcp140.dll
0x00007ffda60b0000 - 0x00007ffda6b7f000 	C:\Program Files\Android\Android Studio\jre\bin\server\jvm.dll
0x00007ffe15020000 - 0x00007ffe150cc000 	C:\Windows\System32\ADVAPI32.dll
0x00007ffe150d0000 - 0x00007ffe1516b000 	C:\Windows\System32\sechost.dll
0x00007ffe13e30000 - 0x00007ffe13f5a000 	C:\Windows\System32\RPCRT4.dll
0x00007ffe13750000 - 0x00007ffe13758000 	C:\Windows\System32\PSAPI.DLL
0x00007ffe0e440000 - 0x00007ffe0e449000 	C:\Windows\SYSTEM32\WSOCK32.dll
0x00007ffdf7520000 - 0x00007ffdf7547000 	C:\Windows\SYSTEM32\WINMM.dll
0x00007ffe0c0f0000 - 0x00007ffe0c0fa000 	C:\Windows\SYSTEM32\VERSION.dll
0x00007ffe14850000 - 0x00007ffe148bb000 	C:\Windows\System32\WS2_32.dll
0x00007ffe115f0000 - 0x00007ffe11602000 	C:\Windows\SYSTEM32\kernel.appcore.dll
0x00007ffe0cf60000 - 0x00007ffe0cf71000 	C:\Program Files\Android\Android Studio\jre\bin\verify.dll
0x00007ffe10a20000 - 0x00007ffe10c04000 	C:\Windows\SYSTEM32\DBGHELP.DLL
0x00007ffdf4490000 - 0x00007ffdf44bc000 	C:\Windows\SYSTEM32\dbgcore.DLL
0x00007ffe12f30000 - 0x00007ffe12fb3000 	C:\Windows\System32\bcryptPrimitives.dll
0x00007ffdfd500000 - 0x00007ffdfd529000 	C:\Program Files\Android\Android Studio\jre\bin\java.dll
0x00007ffe0cf50000 - 0x00007ffe0cf5b000 	C:\Program Files\Android\Android Studio\jre\bin\jimage.dll
0x00007ffe0c620000 - 0x00007ffe0c638000 	C:\Program Files\Android\Android Studio\jre\bin\zip.dll
0x00007ffe14110000 - 0x00007ffe1484f000 	C:\Windows\System32\SHELL32.dll
0x00007ffe10e50000 - 0x00007ffe115e0000 	C:\Windows\SYSTEM32\windows.storage.dll
0x00007ffe15220000 - 0x00007ffe15575000 	C:\Windows\System32\combase.dll
0x00007ffe126f0000 - 0x00007ffe1271e000 	C:\Windows\SYSTEM32\Wldp.dll
0x00007ffe13cb0000 - 0x00007ffe13d5d000 	C:\Windows\System32\SHCORE.dll
0x00007ffe13a80000 - 0x00007ffe13ad5000 	C:\Windows\System32\shlwapi.dll
0x00007ffe12cb0000 - 0x00007ffe12ccf000 	C:\Windows\SYSTEM32\profapi.dll
0x00007ffe0b530000 - 0x00007ffe0b54a000 	C:\Program Files\Android\Android Studio\jre\bin\net.dll
0x00007ffe01ec0000 - 0x00007ffe01fcc000 	C:\Windows\SYSTEM32\WINHTTP.dll
0x00007ffe12450000 - 0x00007ffe124ba000 	C:\Windows\system32\mswsock.dll
0x00007ffdfd4e0000 - 0x00007ffdfd4f4000 	C:\Program Files\Android\Android Studio\jre\bin\nio.dll
0x00007ffe0bc30000 - 0x00007ffe0bc57000 	C:\Users\Lucas\.gradle\native\8bec1ad78214c89d9ad589b4d07fe93259594b29d510b10fafb7a158f7737e5d\windows-amd64\native-platform.dll
0x00007ffdcbed0000 - 0x00007ffdcc00d000 	C:\Users\Lucas\.gradle\native\53dbd7edfb1c66fb8903c78663c9afc45aea4f116125fa6feffd364cf09443e8\windows-amd64\native-platform-file-events.dll
0x00007ffe0cd40000 - 0x00007ffe0cd4a000 	C:\Program Files\Android\Android Studio\jre\bin\management.dll
0x00007ffe0cc70000 - 0x00007ffe0cc7c000 	C:\Program Files\Android\Android Studio\jre\bin\management_ext.dll
0x00007ffe12650000 - 0x00007ffe12668000 	C:\Windows\SYSTEM32\CRYPTSP.dll
0x00007ffe11dd0000 - 0x00007ffe11e04000 	C:\Windows\system32\rsaenh.dll
0x00007ffe13120000 - 0x00007ffe13147000 	C:\Windows\System32\bcrypt.dll
0x00007ffe12c30000 - 0x00007ffe12c5e000 	C:\Windows\SYSTEM32\USERENV.dll
0x00007ffe12640000 - 0x00007ffe1264c000 	C:\Windows\SYSTEM32\CRYPTBASE.dll
0x00007ffe12140000 - 0x00007ffe1217b000 	C:\Windows\SYSTEM32\IPHLPAPI.DLL
0x00007ffe13ae0000 - 0x00007ffe13ae8000 	C:\Windows\System32\NSI.dll
0x00007ffe0a3f0000 - 0x00007ffe0a407000 	C:\Windows\SYSTEM32\dhcpcsvc6.DLL
0x00007ffe0a3b0000 - 0x00007ffe0a3cd000 	C:\Windows\SYSTEM32\dhcpcsvc.DLL
0x00007ffe12180000 - 0x00007ffe1224b000 	C:\Windows\SYSTEM32\DNSAPI.dll
0x00007ffdfdfd0000 - 0x00007ffdfdff7000 	C:\Program Files\Android\Android Studio\jre\bin\sunec.dll

dbghelp: loaded successfully - version: 4.0.5 - missing functions: none
symbol engine: initialized successfully - sym options: 0x614 - pdb path: .;C:\Program Files\Android\Android Studio\jre\bin;C:\Windows\SYSTEM32;C:\Windows\WinSxS\amd64_microsoft.windows.common-controls_6595b64144ccf1df_6.0.19041.1110_none_60b5254171f9507e;C:\Program Files\Android\Android Studio\jre\bin\server;C:\Users\Lucas\.gradle\native\8bec1ad78214c89d9ad589b4d07fe93259594b29d510b10fafb7a158f7737e5d\windows-amd64;C:\Users\Lucas\.gradle\native\53dbd7edfb1c66fb8903c78663c9afc45aea4f116125fa6feffd364cf09443e8\windows-amd64

VM Arguments:
jvm_args: --add-opens=java.base/java.util=ALL-UNNAMED --add-opens=java.base/java.lang=ALL-UNNAMED --add-opens=java.base/java.lang.invoke=ALL-UNNAMED --add-opens=java.base/java.util=ALL-UNNAMED --add-opens=java.prefs/java.util.prefs=ALL-UNNAMED --add-opens=java.prefs/java.util.prefs=ALL-UNNAMED --add-opens=java.base/java.nio.charset=ALL-UNNAMED --add-opens=java.base/java.net=ALL-UNNAMED --add-opens=java.base/java.util.concurrent.atomic=ALL-UNNAMED -Xmx2048m -Dfile.encoding=UTF-8 -Duser.country=FR -Duser.language=fr -Duser.variant 
java_command: org.gradle.launcher.daemon.bootstrap.GradleDaemon 7.0.2
java_class_path (initial): C:\Users\Lucas\.gradle\wrapper\dists\gradle-7.0.2-bin\857tjihv64xamwrf0h14cai3r\gradle-7.0.2\lib\gradle-launcher-7.0.2.jar
Launcher Type: SUN_STANDARD

[Global flags]
     intx CICompilerCount                          = 4                                         {product} {ergonomic}
     uint ConcGCThreads                            = 2                                         {product} {ergonomic}
     uint G1ConcRefinementThreads                  = 8                                         {product} {ergonomic}
   size_t G1HeapRegionSize                         = 1048576                                   {product} {ergonomic}
    uintx GCDrainStackTargetSize                   = 64                                        {product} {ergonomic}
   size_t InitialHeapSize                          = 266338304                                 {product} {ergonomic}
   size_t MarkStackSize                            = 4194304                                   {product} {ergonomic}
   size_t MaxHeapSize                              = 2147483648                                {product} {command line}
   size_t MaxNewSize                               = 1287651328                                {product} {ergonomic}
   size_t MinHeapDeltaBytes                        = 1048576                                   {product} {ergonomic}
    uintx NonNMethodCodeHeapSize                   = 5836300                                {pd product} {ergonomic}
    uintx NonProfiledCodeHeapSize                  = 122910970                              {pd product} {ergonomic}
    uintx ProfiledCodeHeapSize                     = 122910970                              {pd product} {ergonomic}
    uintx ReservedCodeCacheSize                    = 251658240                              {pd product} {ergonomic}
     bool SegmentedCodeCache                       = true                                      {product} {ergonomic}
     bool UseCompressedClassPointers               = true                                 {lp64_product} {ergonomic}
     bool UseCompressedOops                        = true                                 {lp64_product} {ergonomic}
     bool UseG1GC                                  = true                                      {product} {ergonomic}
     bool UseLargePagesIndividualAllocation        = false                                  {pd product} {ergonomic}

Logging:
Log output configuration:
 #0: stdout all=warning uptime,level,tags
 #1: stderr all=off uptime,level,tags

Environment Variables:
PATH=C:\Program Files (x86)\VMware\VMware Workstation\bin\;C:\Windows\system32;C:\Windows;C:\Windows\System32\Wbem;C:\Windows\System32\WindowsPowerShell\v1.0\;C:\Windows\System32\OpenSSH\;C:\Users\Lucas\AppData\Local\Microsoft\WindowsApps;;C:\Users\Lucas\AppData\Local\Programs\Microsoft VS Code\bin
USERNAME=Lucas
OS=Windows_NT
PROCESSOR_IDENTIFIER=Intel64 Family 6 Model 142 Stepping 12, GenuineIntel



---------------  S Y S T E M  ---------------

OS: Windows 10 , 64 bit Build 19041 (10.0.19041.1348)
OS uptime: 1 days 21:05 hours

CPU:total 8 (initial active 8) (4 cores per cpu, 2 threads per core) family 6 model 142 stepping 12 microcode 0xea, cmov, cx8, fxsr, mmx, sse, sse2, sse3, ssse3, sse4.1, sse4.2, popcnt, avx, avx2, aes, clmul, erms, 3dnowpref, lzcnt, ht, tsc, tscinvbit, bmi1, bmi2, adx, fma

Memory: 4k page, system-wide physical 16221M (530M free)
TotalPageFile size 34893M (AvailPageFile size 0M)
current process WorkingSet (physical memory assigned to process): 81M, peak: 517M
current process commit charge ("private bytes"): 542M, peak: 579M

vm_info: OpenJDK 64-Bit Server VM (11.0.10+0-b96-7249189) for windows-amd64 JRE (11.0.10+0-b96-7249189), built on Mar 31 2021 21:44:00 by "builder" with MS VC++ 14.0 (VS2015)

END.
